<?xml version="1.0" encoding="UTF-8"?>
<!-- Generated by org.testng.reporters.JUnitReportReporter -->
<testsuite skipped="0" hostname="LAPTOP-OJMIMCA0" name="com.qa.hubspot.Tests.ContactsPageTests" tests="1" failures="0" timestamp="08 Feb 2019 03:53:11 GMT" time="40.979" errors="0">
  <testcase name="verifyCreateContactsDataDriven_Test" time="40.979" classname="com.qa.hubspot.Tests.ContactsPageTests"/>
</testsuite> <!-- com.qa.hubspot.Tests.ContactsPageTests -->
