<?xml version="1.0" encoding="UTF-8"?>
<!-- Generated by org.testng.reporters.JUnitReportReporter -->
<testsuite skipped="0" hostname="LAPTOP-OJMIMCA0" name="com.qa.hubspot.Tests.DealsPageTests" tests="1" failures="0" timestamp="31 Jan 2019 22:47:27 GMT" time="38.620" errors="0">
  <testcase name="verifyDealsPageTitle_Test" time="38.620" classname="com.qa.hubspot.Tests.DealsPageTests"/>
</testsuite> <!-- com.qa.hubspot.Tests.DealsPageTests -->
