<?xml version="1.0" encoding="UTF-8"?>
<!-- Generated by org.testng.reporters.JUnitReportReporter -->
<testsuite skipped="0" hostname="LAPTOP-OJMIMCA0" name="com.qa.hubspot.Tests.ContactsPageTests" tests="1" failures="0" timestamp="30 Jan 2019 23:20:35 GMT" time="33.811" errors="0">
  <testcase name="verifyCreateContacts_Test" time="33.811" classname="com.qa.hubspot.Tests.ContactsPageTests"/>
</testsuite> <!-- com.qa.hubspot.Tests.ContactsPageTests -->
