<?xml version="1.0" encoding="UTF-8"?>
<!-- Generated by org.testng.reporters.JUnitReportReporter -->
<testsuite skipped="0" hostname="LAPTOP-OJMIMCA0" name="com.qa.hub.Tests.HomePageTests" tests="1" failures="0" timestamp="30 Jan 2019 18:58:45 GMT" time="13.334" errors="0">
  <testcase name="verifyHomePageTitle_Test" time="13.334" classname="com.qa.hub.Tests.HomePageTests"/>
</testsuite> <!-- com.qa.hub.Tests.HomePageTests -->
