<?xml version="1.0" encoding="UTF-8"?>
<!-- Generated by org.testng.reporters.JUnitReportReporter -->
<testsuite skipped="0" hostname="LAPTOP-OJMIMCA0" name="com.qa.hubspot.Tests.HomePageTests" tests="1" failures="0" timestamp="30 Jan 2019 22:45:56 GMT" time="16.046" errors="0">
  <testcase name="verifyHomePageTitle_Test" time="16.046" classname="com.qa.hubspot.Tests.HomePageTests"/>
</testsuite> <!-- com.qa.hubspot.Tests.HomePageTests -->
