<?xml version="1.0" encoding="UTF-8"?>
<!-- Generated by org.testng.reporters.JUnitReportReporter -->
<testsuite skipped="0" hostname="LAPTOP-OJMIMCA0" name="com.qa.hub.Tests.LoginTest" tests="1" failures="0" timestamp="30 Jan 2019 18:09:33 GMT" time="10.380" errors="0">
  <testcase name="login_Test" time="10.380" classname="com.qa.hub.Tests.LoginTest"/>
</testsuite> <!-- com.qa.hub.Tests.LoginTest -->
